<?xml version='1.0' encoding='UTF-8'?>
<testsuite hostname="TrangTranMD102.local" name="BookStoreTest" tests="14" errors="0" failures="0" skipped="13" time="0.041">
                     <properties>
[...]
</properties>
                     <testcase classname="BookStoreTest" name="Only a single book" time="0.038">
                                                 
                                               </testcase><testcase classname="BookStoreTest" name="Two of the same book" time="0.001">
                                                 <skipped/>
                                               </testcase><testcase classname="BookStoreTest" name="Empty basket" time="0.0">
                                                 <skipped/>
                                               </testcase><testcase classname="BookStoreTest" name="Two different books" time="0.0">
                                                 <skipped/>
                                               </testcase><testcase classname="BookStoreTest" name="Three different books" time="0.001">
                                                 <skipped/>
                                               </testcase><testcase classname="BookStoreTest" name="Four different books" time="0.0">
                                                 <skipped/>
                                               </testcase><testcase classname="BookStoreTest" name="Five different books" time="0.0">
                                                 <skipped/>
                                               </testcase><testcase classname="BookStoreTest" name="Two groups of four is cheaper than group of five plus group of three" time="0.0">
                                                 <skipped/>
                                               </testcase><testcase classname="BookStoreTest" name="Group of four plus group of two is cheaper than two groups of three" time="0.0">
                                                 <skipped/>
                                               </testcase><testcase classname="BookStoreTest" name="Two each of first 4 books and 1 copy each of rest" time="0.001">
                                                 <skipped/>
                                               </testcase><testcase classname="BookStoreTest" name="Two copies of each book" time="0.0">
                                                 <skipped/>
                                               </testcase><testcase classname="BookStoreTest" name="Three copies of first book and 2 each of remaining" time="0.0">
                                                 <skipped/>
                                               </testcase><testcase classname="BookStoreTest" name="Three each of first 2 books and 2 each of remaining books" time="0.0">
                                                 <skipped/>
                                               </testcase><testcase classname="BookStoreTest" name="Four groups of four are cheaper than two groups each of five and three" time="0.0">
                                                 <skipped/>
                                               </testcase>
                     <system-out><![CDATA[]]></system-out>
                     <system-err><![CDATA[]]></system-err>
                   </testsuite>